<?xml version="1.0" encoding="UTF-8"?>
<coverage generated="1599242221932" clover="3.2.0">
  <project timestamp="1599242221932" name="All files">
    <metrics statements="13" coveredstatements="13" conditionals="0" coveredconditionals="0" methods="4" coveredmethods="4" elements="17" coveredelements="17" complexity="0" loc="13" ncloc="13" packages="1" files="1" classes="1"/>
    <file name="space-scripts.js" path="/Users/adammansell/Desktop/Epicodus Projects/spaceAgeCalc/src/js/space-scripts.js">
      <metrics statements="13" coveredstatements="13" conditionals="0" coveredconditionals="0" methods="4" coveredmethods="4"/>
      <line num="4" count="3" type="stmt"/>
      <line num="5" count="3" type="stmt"/>
      <line num="6" count="3" type="stmt"/>
      <line num="7" count="3" type="stmt"/>
      <line num="10" count="1" type="stmt"/>
      <line num="11" count="1" type="stmt"/>
      <line num="12" count="1" type="stmt"/>
      <line num="15" count="1" type="stmt"/>
      <line num="16" count="1" type="stmt"/>
      <line num="17" count="1" type="stmt"/>
      <line num="20" count="1" type="stmt"/>
      <line num="21" count="1" type="stmt"/>
      <line num="22" count="1" type="stmt"/>
    </file>
  </project>
</coverage>
