{"/Users/adammansell/Desktop/Epicodus Projects/spaceAgeCalc/src/js/space-scripts.js": {"path":"/Users/adammansell/Desktop/Epicodus Projects/spaceAgeCalc/src/js/space-scripts.js","statementMap":{"0":{"start":{"line":4,"column":4},"end":{"line":4,"column":19}},"1":{"start":{"line":5,"column":4},"end":{"line":5,"column":19}},"2":{"start":{"line":6,"column":4},"end":{"line":6,"column":23}},"3":{"start":{"line":7,"column":4},"end":{"line":7,"column":29}},"4":{"start":{"line":11,"column":17},"end":{"line":11,"column":30}},"5":{"start":{"line":12,"column":19},"end":{"line":12,"column":45}},"6":{"start":{"line":13,"column":2},"end":{"line":13,"column":20}},"7":{"start":{"line":16,"column":17},"end":{"line":16,"column":30}},"8":{"start":{"line":17,"column":17},"end":{"line":17,"column":43}},"9":{"start":{"line":18,"column":2},"end":{"line":18,"column":18}},"10":{"start":{"line":21,"column":17},"end":{"line":21,"column":30}},"11":{"start":{"line":22,"column":16},"end":{"line":22,"column":43}},"12":{"start":{"line":23,"column":2},"end":{"line":23,"column":17}},"13":{"start":{"line":26,"column":17},"end":{"line":26,"column":30}},"14":{"start":{"line":27,"column":19},"end":{"line":27,"column":47}},"15":{"start":{"line":28,"column":2},"end":{"line":28,"column":20}},"16":{"start":{"line":31,"column":18},"end":{"line":31,"column":20}},"17":{"start":{"line":32,"column":12},"end":{"line":32,"column":21}},"18":{"start":{"line":33,"column":14},"end":{"line":33,"column":25}},"19":{"start":{"line":34,"column":17},"end":{"line":34,"column":31}},"20":{"start":{"line":35,"column":2},"end":{"line":35,"column":45}},"21":{"start":{"line":36,"column":2},"end":{"line":36,"column":49}},"22":{"start":{"line":37,"column":2},"end":{"line":37,"column":59}},"23":{"start":{"line":38,"column":2},"end":{"line":38,"column":19}},"24":{"start":{"line":41,"column":18},"end":{"line":41,"column":21}},"25":{"start":{"line":42,"column":12},"end":{"line":42,"column":21}},"26":{"start":{"line":43,"column":14},"end":{"line":43,"column":25}},"27":{"start":{"line":44,"column":17},"end":{"line":44,"column":31}},"28":{"start":{"line":45,"column":2},"end":{"line":45,"column":46}},"29":{"start":{"line":46,"column":2},"end":{"line":46,"column":50}},"30":{"start":{"line":47,"column":2},"end":{"line":47,"column":60}},"31":{"start":{"line":48,"column":2},"end":{"line":48,"column":19}},"32":{"start":{"line":51,"column":18},"end":{"line":51,"column":21}},"33":{"start":{"line":52,"column":12},"end":{"line":52,"column":21}},"34":{"start":{"line":53,"column":14},"end":{"line":53,"column":25}},"35":{"start":{"line":54,"column":17},"end":{"line":54,"column":31}},"36":{"start":{"line":55,"column":2},"end":{"line":55,"column":46}},"37":{"start":{"line":56,"column":2},"end":{"line":56,"column":50}},"38":{"start":{"line":57,"column":2},"end":{"line":57,"column":59}},"39":{"start":{"line":58,"column":2},"end":{"line":58,"column":19}},"40":{"start":{"line":61,"column":18},"end":{"line":61,"column":20}},"41":{"start":{"line":62,"column":12},"end":{"line":62,"column":21}},"42":{"start":{"line":63,"column":14},"end":{"line":63,"column":25}},"43":{"start":{"line":64,"column":17},"end":{"line":64,"column":31}},"44":{"start":{"line":65,"column":2},"end":{"line":65,"column":45}},"45":{"start":{"line":66,"column":2},"end":{"line":66,"column":49}},"46":{"start":{"line":67,"column":2},"end":{"line":67,"column":59}},"47":{"start":{"line":68,"column":2},"end":{"line":68,"column":19}},"48":{"start":{"line":71,"column":18},"end":{"line":71,"column":19}},"49":{"start":{"line":72,"column":12},"end":{"line":72,"column":21}},"50":{"start":{"line":73,"column":14},"end":{"line":73,"column":25}},"51":{"start":{"line":74,"column":17},"end":{"line":74,"column":31}},"52":{"start":{"line":75,"column":2},"end":{"line":75,"column":47}},"53":{"start":{"line":76,"column":2},"end":{"line":76,"column":51}},"54":{"start":{"line":77,"column":2},"end":{"line":77,"column":61}},"55":{"start":{"line":78,"column":2},"end":{"line":78,"column":19}}},"fnMap":{"0":{"name":"(anonymous_0)","decl":{"start":{"line":3,"column":2},"end":{"line":3,"column":3}},"loc":{"start":{"line":3,"column":41},"end":{"line":8,"column":3}},"line":3},"1":{"name":"mercuryCalc","decl":{"start":{"line":10,"column":16},"end":{"line":10,"column":27}},"loc":{"start":{"line":10,"column":33},"end":{"line":14,"column":1}},"line":10},"2":{"name":"venusCalc","decl":{"start":{"line":15,"column":16},"end":{"line":15,"column":25}},"loc":{"start":{"line":15,"column":31},"end":{"line":19,"column":1}},"line":15},"3":{"name":"marsCalc","decl":{"start":{"line":20,"column":16},"end":{"line":20,"column":24}},"loc":{"start":{"line":20,"column":30},"end":{"line":24,"column":1}},"line":20},"4":{"name":"jupiterCalc","decl":{"start":{"line":25,"column":16},"end":{"line":25,"column":27}},"loc":{"start":{"line":25,"column":33},"end":{"line":29,"column":1}},"line":25},"5":{"name":"earthExpectCalc","decl":{"start":{"line":30,"column":16},"end":{"line":30,"column":31}},"loc":{"start":{"line":30,"column":39},"end":{"line":39,"column":1}},"line":30},"6":{"name":"mercuryExpectCalc","decl":{"start":{"line":40,"column":16},"end":{"line":40,"column":33}},"loc":{"start":{"line":40,"column":41},"end":{"line":49,"column":1}},"line":40},"7":{"name":"venusExpectCalc","decl":{"start":{"line":50,"column":16},"end":{"line":50,"column":31}},"loc":{"start":{"line":50,"column":39},"end":{"line":59,"column":1}},"line":50},"8":{"name":"marsExpectCalc","decl":{"start":{"line":60,"column":16},"end":{"line":60,"column":30}},"loc":{"start":{"line":60,"column":38},"end":{"line":69,"column":1}},"line":60},"9":{"name":"jupiterExpectCalc","decl":{"start":{"line":70,"column":16},"end":{"line":70,"column":33}},"loc":{"start":{"line":70,"column":41},"end":{"line":79,"column":1}},"line":70}},"branchMap":{"0":{"loc":{"start":{"line":35,"column":2},"end":{"line":35,"column":44}},"type":"cond-expr","locations":[{"start":{"line":35,"column":18},"end":{"line":35,"column":32}},{"start":{"line":35,"column":35},"end":{"line":35,"column":44}}],"line":35},"1":{"loc":{"start":{"line":36,"column":2},"end":{"line":36,"column":48}},"type":"cond-expr","locations":[{"start":{"line":36,"column":22},"end":{"line":36,"column":36}},{"start":{"line":36,"column":39},"end":{"line":36,"column":48}}],"line":36},"2":{"loc":{"start":{"line":37,"column":2},"end":{"line":37,"column":58}},"type":"cond-expr","locations":[{"start":{"line":37,"column":32},"end":{"line":37,"column":46}},{"start":{"line":37,"column":49},"end":{"line":37,"column":58}}],"line":37},"3":{"loc":{"start":{"line":45,"column":2},"end":{"line":45,"column":45}},"type":"cond-expr","locations":[{"start":{"line":45,"column":18},"end":{"line":45,"column":33}},{"start":{"line":45,"column":36},"end":{"line":45,"column":45}}],"line":45},"4":{"loc":{"start":{"line":46,"column":2},"end":{"line":46,"column":49}},"type":"cond-expr","locations":[{"start":{"line":46,"column":22},"end":{"line":46,"column":37}},{"start":{"line":46,"column":40},"end":{"line":46,"column":49}}],"line":46},"5":{"loc":{"start":{"line":47,"column":2},"end":{"line":47,"column":59}},"type":"cond-expr","locations":[{"start":{"line":47,"column":32},"end":{"line":47,"column":47}},{"start":{"line":47,"column":50},"end":{"line":47,"column":59}}],"line":47},"6":{"loc":{"start":{"line":55,"column":2},"end":{"line":55,"column":45}},"type":"cond-expr","locations":[{"start":{"line":55,"column":18},"end":{"line":55,"column":33}},{"start":{"line":55,"column":36},"end":{"line":55,"column":45}}],"line":55},"7":{"loc":{"start":{"line":56,"column":2},"end":{"line":56,"column":49}},"type":"cond-expr","locations":[{"start":{"line":56,"column":22},"end":{"line":56,"column":37}},{"start":{"line":56,"column":40},"end":{"line":56,"column":49}}],"line":56},"8":{"loc":{"start":{"line":57,"column":2},"end":{"line":57,"column":58}},"type":"cond-expr","locations":[{"start":{"line":57,"column":32},"end":{"line":57,"column":46}},{"start":{"line":57,"column":49},"end":{"line":57,"column":58}}],"line":57},"9":{"loc":{"start":{"line":65,"column":2},"end":{"line":65,"column":44}},"type":"cond-expr","locations":[{"start":{"line":65,"column":18},"end":{"line":65,"column":32}},{"start":{"line":65,"column":35},"end":{"line":65,"column":44}}],"line":65},"10":{"loc":{"start":{"line":66,"column":2},"end":{"line":66,"column":48}},"type":"cond-expr","locations":[{"start":{"line":66,"column":22},"end":{"line":66,"column":36}},{"start":{"line":66,"column":39},"end":{"line":66,"column":48}}],"line":66},"11":{"loc":{"start":{"line":67,"column":2},"end":{"line":67,"column":58}},"type":"cond-expr","locations":[{"start":{"line":67,"column":32},"end":{"line":67,"column":46}},{"start":{"line":67,"column":49},"end":{"line":67,"column":58}}],"line":67},"12":{"loc":{"start":{"line":75,"column":2},"end":{"line":75,"column":46}},"type":"cond-expr","locations":[{"start":{"line":75,"column":18},"end":{"line":75,"column":34}},{"start":{"line":75,"column":37},"end":{"line":75,"column":46}}],"line":75},"13":{"loc":{"start":{"line":76,"column":2},"end":{"line":76,"column":50}},"type":"cond-expr","locations":[{"start":{"line":76,"column":22},"end":{"line":76,"column":38}},{"start":{"line":76,"column":41},"end":{"line":76,"column":50}}],"line":76},"14":{"loc":{"start":{"line":77,"column":2},"end":{"line":77,"column":60}},"type":"cond-expr","locations":[{"start":{"line":77,"column":32},"end":{"line":77,"column":48}},{"start":{"line":77,"column":51},"end":{"line":77,"column":60}}],"line":77}},"s":{"0":39,"1":39,"2":39,"3":39,"4":0,"5":0,"6":0,"7":0,"8":0,"9":0,"10":0,"11":0,"12":0,"13":0,"14":0,"15":0,"16":0,"17":0,"18":0,"19":0,"20":0,"21":0,"22":0,"23":0,"24":0,"25":0,"26":0,"27":0,"28":0,"29":0,"30":0,"31":0,"32":0,"33":0,"34":0,"35":0,"36":0,"37":0,"38":0,"39":0,"40":0,"41":0,"42":0,"43":0,"44":0,"45":0,"46":0,"47":0,"48":0,"49":0,"50":0,"51":0,"52":0,"53":0,"54":0,"55":0},"f":{"0":39,"1":0,"2":0,"3":0,"4":0,"5":0,"6":0,"7":0,"8":0,"9":0},"b":{"0":[0,0],"1":[0,0],"2":[0,0],"3":[0,0],"4":[0,0],"5":[0,0],"6":[0,0],"7":[0,0],"8":[0,0],"9":[0,0],"10":[0,0],"11":[0,0],"12":[0,0],"13":[0,0],"14":[0,0]},"_coverageSchema":"43e27e138ebf9cfc5966b082cf9a028302ed4184","hash":"e29cace9d0ffc0479bea4e24f63d16f0f29a8faf"}
}
