TN:
SF:/Users/adammansell/Desktop/Epicodus Projects/spaceAgeCalc/src/js/space-scripts.js
FN:3,(anonymous_0)
FN:9,(anonymous_1)
FN:14,(anonymous_2)
FN:19,(anonymous_3)
FN:24,(anonymous_4)
FN:29,(anonymous_5)
FN:39,(anonymous_6)
FN:49,(anonymous_7)
FNF:8
FNH:8
FNDA:23,(anonymous_0)
FNDA:1,(anonymous_1)
FNDA:1,(anonymous_2)
FNDA:1,(anonymous_3)
FNDA:1,(anonymous_4)
FNDA:4,(anonymous_5)
FNDA:4,(anonymous_6)
FNDA:3,(anonymous_7)
DA:4,23
DA:5,23
DA:6,23
DA:7,23
DA:10,1
DA:11,1
DA:12,1
DA:15,1
DA:16,1
DA:17,1
DA:20,1
DA:21,1
DA:22,1
DA:25,1
DA:26,1
DA:27,1
DA:30,4
DA:31,4
DA:32,4
DA:33,4
DA:34,4
DA:35,4
DA:36,4
DA:37,4
DA:40,4
DA:41,4
DA:42,4
DA:43,4
DA:44,4
DA:45,4
DA:46,4
DA:47,4
DA:50,3
DA:51,3
DA:52,3
DA:53,3
DA:54,3
DA:55,3
DA:56,3
DA:57,3
LF:40
LH:40
BRDA:34,0,0,1
BRDA:34,0,1,3
BRDA:35,1,0,1
BRDA:35,1,1,3
BRDA:36,2,0,1
BRDA:36,2,1,3
BRDA:44,3,0,1
BRDA:44,3,1,3
BRDA:45,4,0,1
BRDA:45,4,1,3
BRDA:46,5,0,1
BRDA:46,5,1,3
BRDA:54,6,0,1
BRDA:54,6,1,2
BRDA:55,7,0,1
BRDA:55,7,1,2
BRDA:56,8,0,0
BRDA:56,8,1,3
BRF:18
BRH:17
end_of_record
